<?xml version="1.0" encoding="UTF-8"?>
<robot generator="Robot 7.0.1 (Python 3.12.3 on win32)" generated="2024-09-17T21:01:46.017268" rpa="false" schemaversion="5">
<suite id="s1" name="Itia Testcases" source="C:\Users\puchha.pavan\PycharmProjects\Telus_iTIA_Powered_by_Fuel_iX\iTIA_Powered_by_Fuel_iX\itia_testcases">
<suite id="s1-s1" name="ChatbotPage TC" source="C:\Users\puchha.pavan\PycharmProjects\Telus_iTIA_Powered_by_Fuel_iX\iTIA_Powered_by_Fuel_iX\itia_testcases\ChatbotPage_TC">
<suite id="s1-s1-s1" name="Test Verify Chatbot Import Icon Functionality" source="C:\Users\puchha.pavan\PycharmProjects\Telus_iTIA_Powered_by_Fuel_iX\iTIA_Powered_by_Fuel_iX\itia_testcases\ChatbotPage_TC\Test_Verify_Chatbot_Import_Icon_Functionality.robot">
<test id="s1-s1-s1-t1" name="Verify Chatbot Import Icon Functionality" line="8">
<kw name="Launching_The_Browser" owner="BaseClass_Keyword" type="SETUP">
<kw name="Open Browser" owner="SeleniumLibrary">
<msg time="2024-09-17T21:01:46.551247" level="INFO">Opening browser 'chrome' to base url 'https://mqa2.xavlab.xyz/'.</msg>
<arg>${site-url}</arg>
<arg>${browser}</arg>
<doc>Opens a new browser instance to the optional ``url``.</doc>
<status status="PASS" start="2024-09-17T21:01:46.551247" elapsed="4.779395"/>
</kw>
<kw name="Maximize Browser Window" owner="SeleniumLibrary">
<msg time="2024-09-17T21:01:51.340900" level="WARN">Keyword 'Capture Page Screenshot' could not be run on failure: Message: no such window: target window already closed
from unknown error: web view not found
  (Session info: chrome=128.0.6613.138)
Stacktrace:
	GetHandleVerifier [0x00007FF615929412+29090]
	(No symbol) [0x00007FF61589E239]
	(No symbol) [0x00007FF61575B1DA]
	(No symbol) [0x00007FF61572FAF5]
	(No symbol) [0x00007FF6157DE2C7]
	(No symbol) [0x00007FF6157F5EB1]
	(No symbol) [0x00007FF6157D6493]
	(No symbol) [0x00007FF6157A09D1]
	(No symbol) [0x00007FF6157A1B31]
	GetHandleVerifier [0x00007FF615C4871D+3302573]
	GetHandleVerifier [0x00007FF615C94243+3612627]
	GetHandleVerifier [0x00007FF615C8A417+3572135]
	GetHandleVerifier [0x00007FF6159E5EB6+801862]
	(No symbol) [0x00007FF6158A945F]
	(No symbol) [0x00007FF6158A4FB4]
	(No symbol) [0x00007FF6158A5140]
	(No symbol) [0x00007FF61589461F]
	BaseThreadInitThunk [0x00007FF869977374+20]
	RtlUserThreadStart [0x00007FF869C5CC91+33]
</msg>
<msg time="2024-09-17T21:01:51.343504" level="FAIL">NoSuchWindowException: Message: no such window: target window already closed
from unknown error: web view not found
  (Session info: chrome=128.0.6613.138)
Stacktrace:
	GetHandleVerifier [0x00007FF615929412+29090]
	(No symbol) [0x00007FF61589E239]
	(No symbol) [0x00007FF61575B1DA]
	(No symbol) [0x00007FF61572FAF5]
	(No symbol) [0x00007FF6157DE2C7]
	(No symbol) [0x00007FF6157F5EB1]
	(No symbol) [0x00007FF6157D6493]
	(No symbol) [0x00007FF6157A09D1]
	(No symbol) [0x00007FF6157A1B31]
	GetHandleVerifier [0x00007FF615C4871D+3302573]
	GetHandleVerifier [0x00007FF615C94243+3612627]
	GetHandleVerifier [0x00007FF615C8A417+3572135]
	GetHandleVerifier [0x00007FF6159E5EB6+801862]
	(No symbol) [0x00007FF6158A945F]
	(No symbol) [0x00007FF6158A4FB4]
	(No symbol) [0x00007FF6158A5140]
	(No symbol) [0x00007FF61589461F]
	BaseThreadInitThunk [0x00007FF869977374+20]
	RtlUserThreadStart [0x00007FF869C5CC91+33]
</msg>
<doc>Maximizes current browser window.</doc>
<status status="FAIL" start="2024-09-17T21:01:51.331633" elapsed="0.020759">NoSuchWindowException: Message: no such window: target window already closed
from unknown error: web view not found
  (Session info: chrome=128.0.6613.138)
Stacktrace:
	GetHandleVerifier [0x00007FF615929412+29090]
	(No symbol) [0x00007FF61589E239]
	(No symbol) [0x00007FF61575B1DA]
	(No symbol) [0x00007FF61572FAF5]
	(No symbol) [0x00007FF6157DE2C7]
	(No symbol) [0x00007FF6157F5EB1]
	(No symbol) [0x00007FF6157D6493]
	(No symbol) [0x00007FF6157A09D1]
	(No symbol) [0x00007FF6157A1B31]
	GetHandleVerifier [0x00007FF615C4871D+3302573]
	GetHandleVerifier [0x00007FF615C94243+3612627]
	GetHandleVerifier [0x00007FF615C8A417+3572135]
	GetHandleVerifier [0x00007FF6159E5EB6+801862]
	(No symbol) [0x00007FF6158A945F]
	(No symbol) [0x00007FF6158A4FB4]
	(No symbol) [0x00007FF6158A5140]
	(No symbol) [0x00007FF61589461F]
	BaseThreadInitThunk [0x00007FF869977374+20]
	RtlUserThreadStart [0x00007FF869C5CC91+33]
</status>
</kw>
<kw name="Set Selenium Implicit Wait" owner="SeleniumLibrary">
<arg>10Seconds</arg>
<doc>Sets the implicit wait value used by Selenium.</doc>
<status status="NOT RUN" start="2024-09-17T21:01:51.353176" elapsed="0.000586"/>
</kw>
<kw name="clear_all_ookies" owner="Common_Functions">
<doc>Clear all cookies</doc>
<status status="NOT RUN" start="2024-09-17T21:01:51.354261" elapsed="0.000291"/>
</kw>
<kw name="Set Selenium Speed" owner="SeleniumLibrary">
<arg>0.2</arg>
<doc>Sets the delay that is waited after each Selenium command.</doc>
<status status="NOT RUN" start="2024-09-17T21:01:51.355378" elapsed="0.000000"/>
</kw>
<doc>This keyword for launching the browser</doc>
<status status="FAIL" start="2024-09-17T21:01:46.551247" elapsed="4.805135">NoSuchWindowException: Message: no such window: target window already closed
from unknown error: web view not found
  (Session info: chrome=128.0.6613.138)
Stacktrace:
	GetHandleVerifier [0x00007FF615929412+29090]
	(No symbol) [0x00007FF61589E239]
	(No symbol) [0x00007FF61575B1DA]
	(No symbol) [0x00007FF61572FAF5]
	(No symbol) [0x00007FF6157DE2C7]
	(No symbol) [0x00007FF6157F5EB1]
	(No symbol) [0x00007FF6157D6493]
	(No symbol) [0x00007FF6157A09D1]
	(No symbol) [0x00007FF6157A1B31]
	GetHandleVerifier [0x00007FF615C4871D+3302573]
	GetHandleVerifier [0x00007FF615C94243+3612627]
	GetHandleVerifier [0x00007FF615C8A417+3572135]
	GetHandleVerifier [0x00007FF6159E5EB6+801862]
	(No symbol) [0x00007FF6158A945F]
	(No symbol) [0x00007FF6158A4FB4]
	(No symbol) [0x00007FF6158A5140]
	(No symbol) [0x00007FF61589461F]
	BaseThreadInitThunk [0x00007FF869977374+20]
	RtlUserThreadStart [0x00007FF869C5CC91+33]
</status>
</kw>
<kw name="Closing_The_Browser" owner="BaseClass_Keyword" type="TEARDOWN">
<kw name="Run Keyword If Test Failed" owner="BuiltIn">
<kw name="Capture Page Screenshot" owner="SeleniumLibrary">
<msg time="2024-09-17T21:01:51.396038" level="WARN">Keyword 'Capture Page Screenshot' could not be run on failure: Message: no such window: target window already closed
from unknown error: web view not found
  (Session info: chrome=128.0.6613.138)
Stacktrace:
	GetHandleVerifier [0x00007FF615929412+29090]
	(No symbol) [0x00007FF61589E239]
	(No symbol) [0x00007FF61575B1DA]
	(No symbol) [0x00007FF61572FAF5]
	(No symbol) [0x00007FF6157DE2C7]
	(No symbol) [0x00007FF6157F5EB1]
	(No symbol) [0x00007FF6157D6493]
	(No symbol) [0x00007FF6157A09D1]
	(No symbol) [0x00007FF6157A1B31]
	GetHandleVerifier [0x00007FF615C4871D+3302573]
	GetHandleVerifier [0x00007FF615C94243+3612627]
	GetHandleVerifier [0x00007FF615C8A417+3572135]
	GetHandleVerifier [0x00007FF6159E5EB6+801862]
	(No symbol) [0x00007FF6158A945F]
	(No symbol) [0x00007FF6158A4FB4]
	(No symbol) [0x00007FF6158A5140]
	(No symbol) [0x00007FF61589461F]
	BaseThreadInitThunk [0x00007FF869977374+20]
	RtlUserThreadStart [0x00007FF869C5CC91+33]
</msg>
<msg time="2024-09-17T21:01:51.396038" level="FAIL">NoSuchWindowException: Message: no such window: target window already closed
from unknown error: web view not found
  (Session info: chrome=128.0.6613.138)
Stacktrace:
	GetHandleVerifier [0x00007FF615929412+29090]
	(No symbol) [0x00007FF61589E239]
	(No symbol) [0x00007FF61575B1DA]
	(No symbol) [0x00007FF61572FAF5]
	(No symbol) [0x00007FF6157DE2C7]
	(No symbol) [0x00007FF6157F5EB1]
	(No symbol) [0x00007FF6157D6493]
	(No symbol) [0x00007FF6157A09D1]
	(No symbol) [0x00007FF6157A1B31]
	GetHandleVerifier [0x00007FF615C4871D+3302573]
	GetHandleVerifier [0x00007FF615C94243+3612627]
	GetHandleVerifier [0x00007FF615C8A417+3572135]
	GetHandleVerifier [0x00007FF6159E5EB6+801862]
	(No symbol) [0x00007FF6158A945F]
	(No symbol) [0x00007FF6158A4FB4]
	(No symbol) [0x00007FF6158A5140]
	(No symbol) [0x00007FF61589461F]
	BaseThreadInitThunk [0x00007FF869977374+20]
	RtlUserThreadStart [0x00007FF869C5CC91+33]
</msg>
<arg>Faild_screenshot.png</arg>
<doc>Takes a screenshot of the current page and embeds it into a log file.</doc>
<status status="FAIL" start="2024-09-17T21:01:51.361504" elapsed="0.037909">NoSuchWindowException: Message: no such window: target window already closed
from unknown error: web view not found
  (Session info: chrome=128.0.6613.138)
Stacktrace:
	GetHandleVerifier [0x00007FF615929412+29090]
	(No symbol) [0x00007FF61589E239]
	(No symbol) [0x00007FF61575B1DA]
	(No symbol) [0x00007FF61572FAF5]
	(No symbol) [0x00007FF6157DE2C7]
	(No symbol) [0x00007FF6157F5EB1]
	(No symbol) [0x00007FF6157D6493]
	(No symbol) [0x00007FF6157A09D1]
	(No symbol) [0x00007FF6157A1B31]
	GetHandleVerifier [0x00007FF615C4871D+3302573]
	GetHandleVerifier [0x00007FF615C94243+3612627]
	GetHandleVerifier [0x00007FF615C8A417+3572135]
	GetHandleVerifier [0x00007FF6159E5EB6+801862]
	(No symbol) [0x00007FF6158A945F]
	(No symbol) [0x00007FF6158A4FB4]
	(No symbol) [0x00007FF6158A5140]
	(No symbol) [0x00007FF61589461F]
	BaseThreadInitThunk [0x00007FF869977374+20]
	RtlUserThreadStart [0x00007FF869C5CC91+33]
</status>
</kw>
<arg>Capture Page Screenshot</arg>
<arg>Faild_screenshot.png</arg>
<doc>Runs the given keyword with the given arguments, if the test failed.</doc>
<status status="FAIL" start="2024-09-17T21:01:51.359752" elapsed="0.039661">NoSuchWindowException: Message: no such window: target window already closed
from unknown error: web view not found
  (Session info: chrome=128.0.6613.138)
Stacktrace:
	GetHandleVerifier [0x00007FF615929412+29090]
	(No symbol) [0x00007FF61589E239]
	(No symbol) [0x00007FF61575B1DA]
	(No symbol) [0x00007FF61572FAF5]
	(No symbol) [0x00007FF6157DE2C7]
	(No symbol) [0x00007FF6157F5EB1]
	(No symbol) [0x00007FF6157D6493]
	(No symbol) [0x00007FF6157A09D1]
	(No symbol) [0x00007FF6157A1B31]
	GetHandleVerifier [0x00007FF615C4871D+3302573]
	GetHandleVerifier [0x00007FF615C94243+3612627]
	GetHandleVerifier [0x00007FF615C8A417+3572135]
	GetHandleVerifier [0x00007FF6159E5EB6+801862]
	(No symbol) [0x00007FF6158A945F]
	(No symbol) [0x00007FF6158A4FB4]
	(No symbol) [0x00007FF6158A5140]
	(No symbol) [0x00007FF61589461F]
	BaseThreadInitThunk [0x00007FF869977374+20]
	RtlUserThreadStart [0x00007FF869C5CC91+33]
</status>
</kw>
<kw name="Close Browser" owner="SeleniumLibrary">
<doc>Closes the current browser.</doc>
<status status="PASS" start="2024-09-17T21:01:51.400046" elapsed="2.493996"/>
</kw>
<doc>This keyword for closing the current browser</doc>
<status status="FAIL" start="2024-09-17T21:01:51.357260" elapsed="2.536782">NoSuchWindowException: Message: no such window: target window already closed
from unknown error: web view not found
  (Session info: chrome=128.0.6613.138)
Stacktrace:
	GetHandleVerifier [0x00007FF615929412+29090]
	(No symbol) [0x00007FF61589E239]
	(No symbol) [0x00007FF61575B1DA]
	(No symbol) [0x00007FF61572FAF5]
	(No symbol) [0x00007FF6157DE2C7]
	(No symbol) [0x00007FF6157F5EB1]
	(No symbol) [0x00007FF6157D6493]
	(No symbol) [0x00007FF6157A09D1]
	(No symbol) [0x00007FF6157A1B31]
	GetHandleVerifier [0x00007FF615C4871D+3302573]
	GetHandleVerifier [0x00007FF615C94243+3612627]
	GetHandleVerifier [0x00007FF615C8A417+3572135]
	GetHandleVerifier [0x00007FF6159E5EB6+801862]
	(No symbol) [0x00007FF6158A945F]
	(No symbol) [0x00007FF6158A4FB4]
	(No symbol) [0x00007FF6158A5140]
	(No symbol) [0x00007FF61589461F]
	BaseThreadInitThunk [0x00007FF869977374+20]
	RtlUserThreadStart [0x00007FF869C5CC91+33]
</status>
</kw>
<doc>Verify_Chatbot_Import_Icon_Functionality</doc>
<tag>priority5</tag>
<status status="FAIL" start="2024-09-17T21:01:46.506654" elapsed="7.387388">Setup failed:
NoSuchWindowException: Message: no such window: target window already closed
from unknown error: web view not found
  (Session info: chrome=128.0.6613.138)
Stacktrace:
	GetHandleVerifier [0x00007FF615929412+29090]
	(No symbol) [0x00007FF61589E239]
	(No symbol) [0x00007FF61575B1DA]
	(No symbol) [0x00007FF61572FAF5]
	(No symbol) [0x00007FF6157DE2C7]
	(No symbol) [0x00007FF6157F5EB1]
	(No symbol) [0x00007FF6157D6493]
	(No symbol) [0x00007FF6157A09D1]
	(No symbol) [0x00007FF6157A1B31]
	GetHandleVerifier [0x00007FF615C4871D+3302573]
	GetHandleVerifier [0x00007FF615C94243+3612627]
	GetHandleVerifier [0x00007FF615C8A417+3572135]
	GetHandleVerifier [0x00007FF6159E5EB6+801862]
	(No symbol) [0x00007FF6158A945F]
	(No symbol) [0x00007FF6158A4FB4]
	(No symbol) [0x00007FF6158A5140]
	(No symbol) [0x00007FF61589461F]
	BaseThreadInitThunk [0x00007FF869977374+20]
	RtlUserThreadStart [0x00007FF869C5CC91+33]


Also teardown failed:
NoSuchWindowException: Message: no such window: target window already closed
from unknown error: web view not found
  (Session info: chrome=128.0.6613.138)
Stacktrace:
	GetHandleVerifier [0x00007FF615929412+29090]
	(No symbol) [0x00007FF61589E239]
	(No symbol) [0x00007FF61575B1DA]
	(No symbol) [0x00007FF61572FAF5]
	(No symbol) [0x00007FF6157DE2C7]
	(No symbol) [0x00007FF6157F5EB1]
	(No symbol) [0x00007FF6157D6493]
	(No symbol) [0x00007FF6157A09D1]
	(No symbol) [0x00007FF6157A1B31]
	GetHandleVerifier [0x00007FF615C4871D+3302573]
	GetHandleVerifier [0x00007FF615C94243+3612627]
	GetHandleVerifier [0x00007FF615C8A417+3572135]
	GetHandleVerifier [0x00007FF6159E5EB6+801862]
	(No symbol) [0x00007FF6158A945F]
	(No symbol) [0x00007FF6158A4FB4]
	(No symbol) [0x00007FF6158A5140]
	(No symbol) [0x00007FF61589461F]
	BaseThreadInitThunk [0x00007FF869977374+20]
	RtlUserThreadStart [0x00007FF869C5CC91+33]
</status>
</test>
<status status="FAIL" start="2024-09-17T21:01:46.052626" elapsed="7.841416"/>
</suite>
<status status="FAIL" start="2024-09-17T21:01:46.052626" elapsed="7.841416"/>
</suite>
<status status="FAIL" start="2024-09-17T21:01:46.035654" elapsed="7.858388"/>
</suite>
<statistics>
<total>
<stat pass="0" fail="1" skip="0">All Tests</stat>
</total>
<tag>
<stat pass="0" fail="1" skip="0">priority5</stat>
</tag>
<suite>
<stat pass="0" fail="1" skip="0" id="s1" name="Itia Testcases">Itia Testcases</stat>
<stat pass="0" fail="1" skip="0" id="s1-s1" name="ChatbotPage TC">Itia Testcases.ChatbotPage TC</stat>
<stat pass="0" fail="1" skip="0" id="s1-s1-s1" name="Test Verify Chatbot Import Icon Functionality">Itia Testcases.ChatbotPage TC.Test Verify Chatbot Import Icon Functionality</stat>
</suite>
</statistics>
<errors>
<msg time="2024-09-17T21:01:51.340900" level="WARN">Keyword 'Capture Page Screenshot' could not be run on failure: Message: no such window: target window already closed
from unknown error: web view not found
  (Session info: chrome=128.0.6613.138)
Stacktrace:
	GetHandleVerifier [0x00007FF615929412+29090]
	(No symbol) [0x00007FF61589E239]
	(No symbol) [0x00007FF61575B1DA]
	(No symbol) [0x00007FF61572FAF5]
	(No symbol) [0x00007FF6157DE2C7]
	(No symbol) [0x00007FF6157F5EB1]
	(No symbol) [0x00007FF6157D6493]
	(No symbol) [0x00007FF6157A09D1]
	(No symbol) [0x00007FF6157A1B31]
	GetHandleVerifier [0x00007FF615C4871D+3302573]
	GetHandleVerifier [0x00007FF615C94243+3612627]
	GetHandleVerifier [0x00007FF615C8A417+3572135]
	GetHandleVerifier [0x00007FF6159E5EB6+801862]
	(No symbol) [0x00007FF6158A945F]
	(No symbol) [0x00007FF6158A4FB4]
	(No symbol) [0x00007FF6158A5140]
	(No symbol) [0x00007FF61589461F]
	BaseThreadInitThunk [0x00007FF869977374+20]
	RtlUserThreadStart [0x00007FF869C5CC91+33]
</msg>
<msg time="2024-09-17T21:01:51.396038" level="WARN">Keyword 'Capture Page Screenshot' could not be run on failure: Message: no such window: target window already closed
from unknown error: web view not found
  (Session info: chrome=128.0.6613.138)
Stacktrace:
	GetHandleVerifier [0x00007FF615929412+29090]
	(No symbol) [0x00007FF61589E239]
	(No symbol) [0x00007FF61575B1DA]
	(No symbol) [0x00007FF61572FAF5]
	(No symbol) [0x00007FF6157DE2C7]
	(No symbol) [0x00007FF6157F5EB1]
	(No symbol) [0x00007FF6157D6493]
	(No symbol) [0x00007FF6157A09D1]
	(No symbol) [0x00007FF6157A1B31]
	GetHandleVerifier [0x00007FF615C4871D+3302573]
	GetHandleVerifier [0x00007FF615C94243+3612627]
	GetHandleVerifier [0x00007FF615C8A417+3572135]
	GetHandleVerifier [0x00007FF6159E5EB6+801862]
	(No symbol) [0x00007FF6158A945F]
	(No symbol) [0x00007FF6158A4FB4]
	(No symbol) [0x00007FF6158A5140]
	(No symbol) [0x00007FF61589461F]
	BaseThreadInitThunk [0x00007FF869977374+20]
	RtlUserThreadStart [0x00007FF869C5CC91+33]
</msg>
</errors>
</robot>
