<?xml version="1.0" encoding="UTF-8"?>
<robot generator="Robot 7.0.1 (Python 3.12.3 on win32)" generated="2024-09-18T13:04:35.443155" rpa="false" schemaversion="5">
<suite id="s1" name="Suites">
<suite id="s1-s1" name="Test Verify User ChangeRepository FromDropDown Menu Inside Flow And Qa CentralRepo" source="C:\Users\puchha.pavan\PycharmProjects\Telus_iTIA_Powered_by_Fuel_iX\iTIA_Powered_by_Fuel_iX\itia_testcases\Central_RepositoryPage_TC\Test_Verify_User_ChangeRepository_FromDropDown_Menu_Inside_Flow_And_Qa_CentralRepo.robot">
<test id="s1-s1-t1" name="Testcase_For_Selecting_Repository_ByVisisble_Value_From_RepositoryDropdown" line="8">
<kw name="Launching_The_Browser" owner="BaseClass_Keyword" type="SETUP">
<kw name="Open Browser" owner="SeleniumLibrary">
<msg time="2024-09-18T13:04:35.726390" level="INFO">Opening browser 'chrome' to base url 'https://mqa2.xavlab.xyz/'.</msg>
<arg>${site-url}</arg>
<arg>${browser}</arg>
<doc>Opens a new browser instance to the optional ``url``.</doc>
<status status="PASS" start="2024-09-18T13:04:35.726390" elapsed="5.271730"/>
</kw>
<kw name="Maximize Browser Window" owner="SeleniumLibrary">
<msg time="2024-09-18T13:04:41.002103" level="WARN">Keyword 'Capture Page Screenshot' could not be run on failure: Message: no such window: target window already closed
from unknown error: web view not found
  (Session info: chrome=128.0.6613.138)
Stacktrace:
	GetHandleVerifier [0x00007FF644CF9412+29090]
	(No symbol) [0x00007FF644C6E239]
	(No symbol) [0x00007FF644B2B1DA]
	(No symbol) [0x00007FF644AFFAF5]
	(No symbol) [0x00007FF644BAE2C7]
	(No symbol) [0x00007FF644BC5EB1]
	(No symbol) [0x00007FF644BA6493]
	(No symbol) [0x00007FF644B709D1]
	(No symbol) [0x00007FF644B71B31]
	GetHandleVerifier [0x00007FF64501871D+3302573]
	GetHandleVerifier [0x00007FF645064243+3612627]
	GetHandleVerifier [0x00007FF64505A417+3572135]
	GetHandleVerifier [0x00007FF644DB5EB6+801862]
	(No symbol) [0x00007FF644C7945F]
	(No symbol) [0x00007FF644C74FB4]
	(No symbol) [0x00007FF644C75140]
	(No symbol) [0x00007FF644C6461F]
	BaseThreadInitThunk [0x00007FFEC2277374+20]
	RtlUserThreadStart [0x00007FFEC255CC91+33]
</msg>
<msg time="2024-09-18T13:04:41.003594" level="FAIL">NoSuchWindowException: Message: no such window: target window already closed
from unknown error: web view not found
  (Session info: chrome=128.0.6613.138)
Stacktrace:
	GetHandleVerifier [0x00007FF644CF9412+29090]
	(No symbol) [0x00007FF644C6E239]
	(No symbol) [0x00007FF644B2B1DA]
	(No symbol) [0x00007FF644AFFAF5]
	(No symbol) [0x00007FF644BAE2C7]
	(No symbol) [0x00007FF644BC5EB1]
	(No symbol) [0x00007FF644BA6493]
	(No symbol) [0x00007FF644B709D1]
	(No symbol) [0x00007FF644B71B31]
	GetHandleVerifier [0x00007FF64501871D+3302573]
	GetHandleVerifier [0x00007FF645064243+3612627]
	GetHandleVerifier [0x00007FF64505A417+3572135]
	GetHandleVerifier [0x00007FF644DB5EB6+801862]
	(No symbol) [0x00007FF644C7945F]
	(No symbol) [0x00007FF644C74FB4]
	(No symbol) [0x00007FF644C75140]
	(No symbol) [0x00007FF644C6461F]
	BaseThreadInitThunk [0x00007FFEC2277374+20]
	RtlUserThreadStart [0x00007FFEC255CC91+33]
</msg>
<doc>Maximizes current browser window.</doc>
<status status="FAIL" start="2024-09-18T13:04:40.998616" elapsed="0.009984">NoSuchWindowException: Message: no such window: target window already closed
from unknown error: web view not found
  (Session info: chrome=128.0.6613.138)
Stacktrace:
	GetHandleVerifier [0x00007FF644CF9412+29090]
	(No symbol) [0x00007FF644C6E239]
	(No symbol) [0x00007FF644B2B1DA]
	(No symbol) [0x00007FF644AFFAF5]
	(No symbol) [0x00007FF644BAE2C7]
	(No symbol) [0x00007FF644BC5EB1]
	(No symbol) [0x00007FF644BA6493]
	(No symbol) [0x00007FF644B709D1]
	(No symbol) [0x00007FF644B71B31]
	GetHandleVerifier [0x00007FF64501871D+3302573]
	GetHandleVerifier [0x00007FF645064243+3612627]
	GetHandleVerifier [0x00007FF64505A417+3572135]
	GetHandleVerifier [0x00007FF644DB5EB6+801862]
	(No symbol) [0x00007FF644C7945F]
	(No symbol) [0x00007FF644C74FB4]
	(No symbol) [0x00007FF644C75140]
	(No symbol) [0x00007FF644C6461F]
	BaseThreadInitThunk [0x00007FFEC2277374+20]
	RtlUserThreadStart [0x00007FFEC255CC91+33]
</status>
</kw>
<kw name="Set Selenium Implicit Wait" owner="SeleniumLibrary">
<arg>10Seconds</arg>
<doc>Sets the implicit wait value used by Selenium.</doc>
<status status="NOT RUN" start="2024-09-18T13:04:41.009096" elapsed="0.000000"/>
</kw>
<kw name="clear_all_ookies" owner="Common_Functions">
<doc>Clear all cookies</doc>
<status status="NOT RUN" start="2024-09-18T13:04:41.010090" elapsed="0.000000"/>
</kw>
<kw name="Set Selenium Speed" owner="SeleniumLibrary">
<arg>0.2</arg>
<doc>Sets the delay that is waited after each Selenium command.</doc>
<status status="NOT RUN" start="2024-09-18T13:04:41.010090" elapsed="0.000497"/>
</kw>
<doc>This keyword for launching the browser</doc>
<status status="FAIL" start="2024-09-18T13:04:35.725390" elapsed="5.285197">NoSuchWindowException: Message: no such window: target window already closed
from unknown error: web view not found
  (Session info: chrome=128.0.6613.138)
Stacktrace:
	GetHandleVerifier [0x00007FF644CF9412+29090]
	(No symbol) [0x00007FF644C6E239]
	(No symbol) [0x00007FF644B2B1DA]
	(No symbol) [0x00007FF644AFFAF5]
	(No symbol) [0x00007FF644BAE2C7]
	(No symbol) [0x00007FF644BC5EB1]
	(No symbol) [0x00007FF644BA6493]
	(No symbol) [0x00007FF644B709D1]
	(No symbol) [0x00007FF644B71B31]
	GetHandleVerifier [0x00007FF64501871D+3302573]
	GetHandleVerifier [0x00007FF645064243+3612627]
	GetHandleVerifier [0x00007FF64505A417+3572135]
	GetHandleVerifier [0x00007FF644DB5EB6+801862]
	(No symbol) [0x00007FF644C7945F]
	(No symbol) [0x00007FF644C74FB4]
	(No symbol) [0x00007FF644C75140]
	(No symbol) [0x00007FF644C6461F]
	BaseThreadInitThunk [0x00007FFEC2277374+20]
	RtlUserThreadStart [0x00007FFEC255CC91+33]
</status>
</kw>
<kw name="Closing_The_Browser" owner="BaseClass_Keyword" type="TEARDOWN">
<kw name="Run Keyword If Test Failed" owner="BuiltIn">
<kw name="Capture Page Screenshot" owner="SeleniumLibrary">
<msg time="2024-09-18T13:04:41.025432" level="WARN">Keyword 'Capture Page Screenshot' could not be run on failure: Message: no such window: target window already closed
from unknown error: web view not found
  (Session info: chrome=128.0.6613.138)
Stacktrace:
	GetHandleVerifier [0x00007FF644CF9412+29090]
	(No symbol) [0x00007FF644C6E239]
	(No symbol) [0x00007FF644B2B1DA]
	(No symbol) [0x00007FF644AFFAF5]
	(No symbol) [0x00007FF644BAE2C7]
	(No symbol) [0x00007FF644BC5EB1]
	(No symbol) [0x00007FF644BA6493]
	(No symbol) [0x00007FF644B709D1]
	(No symbol) [0x00007FF644B71B31]
	GetHandleVerifier [0x00007FF64501871D+3302573]
	GetHandleVerifier [0x00007FF645064243+3612627]
	GetHandleVerifier [0x00007FF64505A417+3572135]
	GetHandleVerifier [0x00007FF644DB5EB6+801862]
	(No symbol) [0x00007FF644C7945F]
	(No symbol) [0x00007FF644C74FB4]
	(No symbol) [0x00007FF644C75140]
	(No symbol) [0x00007FF644C6461F]
	BaseThreadInitThunk [0x00007FFEC2277374+20]
	RtlUserThreadStart [0x00007FFEC255CC91+33]
</msg>
<msg time="2024-09-18T13:04:41.025926" level="FAIL">NoSuchWindowException: Message: no such window: target window already closed
from unknown error: web view not found
  (Session info: chrome=128.0.6613.138)
Stacktrace:
	GetHandleVerifier [0x00007FF644CF9412+29090]
	(No symbol) [0x00007FF644C6E239]
	(No symbol) [0x00007FF644B2B1DA]
	(No symbol) [0x00007FF644AFFAF5]
	(No symbol) [0x00007FF644BAE2C7]
	(No symbol) [0x00007FF644BC5EB1]
	(No symbol) [0x00007FF644BA6493]
	(No symbol) [0x00007FF644B709D1]
	(No symbol) [0x00007FF644B71B31]
	GetHandleVerifier [0x00007FF64501871D+3302573]
	GetHandleVerifier [0x00007FF645064243+3612627]
	GetHandleVerifier [0x00007FF64505A417+3572135]
	GetHandleVerifier [0x00007FF644DB5EB6+801862]
	(No symbol) [0x00007FF644C7945F]
	(No symbol) [0x00007FF644C74FB4]
	(No symbol) [0x00007FF644C75140]
	(No symbol) [0x00007FF644C6461F]
	BaseThreadInitThunk [0x00007FFEC2277374+20]
	RtlUserThreadStart [0x00007FFEC255CC91+33]
</msg>
<arg>Faild_screenshot.png</arg>
<doc>Takes a screenshot of the current page and embeds it into a log file.</doc>
<status status="FAIL" start="2024-09-18T13:04:41.012076" elapsed="0.015836">NoSuchWindowException: Message: no such window: target window already closed
from unknown error: web view not found
  (Session info: chrome=128.0.6613.138)
Stacktrace:
	GetHandleVerifier [0x00007FF644CF9412+29090]
	(No symbol) [0x00007FF644C6E239]
	(No symbol) [0x00007FF644B2B1DA]
	(No symbol) [0x00007FF644AFFAF5]
	(No symbol) [0x00007FF644BAE2C7]
	(No symbol) [0x00007FF644BC5EB1]
	(No symbol) [0x00007FF644BA6493]
	(No symbol) [0x00007FF644B709D1]
	(No symbol) [0x00007FF644B71B31]
	GetHandleVerifier [0x00007FF64501871D+3302573]
	GetHandleVerifier [0x00007FF645064243+3612627]
	GetHandleVerifier [0x00007FF64505A417+3572135]
	GetHandleVerifier [0x00007FF644DB5EB6+801862]
	(No symbol) [0x00007FF644C7945F]
	(No symbol) [0x00007FF644C74FB4]
	(No symbol) [0x00007FF644C75140]
	(No symbol) [0x00007FF644C6461F]
	BaseThreadInitThunk [0x00007FFEC2277374+20]
	RtlUserThreadStart [0x00007FFEC255CC91+33]
</status>
</kw>
<arg>Capture Page Screenshot</arg>
<arg>Faild_screenshot.png</arg>
<doc>Runs the given keyword with the given arguments, if the test failed.</doc>
<status status="FAIL" start="2024-09-18T13:04:41.012076" elapsed="0.016333">NoSuchWindowException: Message: no such window: target window already closed
from unknown error: web view not found
  (Session info: chrome=128.0.6613.138)
Stacktrace:
	GetHandleVerifier [0x00007FF644CF9412+29090]
	(No symbol) [0x00007FF644C6E239]
	(No symbol) [0x00007FF644B2B1DA]
	(No symbol) [0x00007FF644AFFAF5]
	(No symbol) [0x00007FF644BAE2C7]
	(No symbol) [0x00007FF644BC5EB1]
	(No symbol) [0x00007FF644BA6493]
	(No symbol) [0x00007FF644B709D1]
	(No symbol) [0x00007FF644B71B31]
	GetHandleVerifier [0x00007FF64501871D+3302573]
	GetHandleVerifier [0x00007FF645064243+3612627]
	GetHandleVerifier [0x00007FF64505A417+3572135]
	GetHandleVerifier [0x00007FF644DB5EB6+801862]
	(No symbol) [0x00007FF644C7945F]
	(No symbol) [0x00007FF644C74FB4]
	(No symbol) [0x00007FF644C75140]
	(No symbol) [0x00007FF644C6461F]
	BaseThreadInitThunk [0x00007FFEC2277374+20]
	RtlUserThreadStart [0x00007FFEC255CC91+33]
</status>
</kw>
<kw name="Close Browser" owner="SeleniumLibrary">
<doc>Closes the current browser.</doc>
<status status="PASS" start="2024-09-18T13:04:41.028409" elapsed="2.149434"/>
</kw>
<doc>This keyword for closing the current browser</doc>
<status status="FAIL" start="2024-09-18T13:04:41.011083" elapsed="2.167260">NoSuchWindowException: Message: no such window: target window already closed
from unknown error: web view not found
  (Session info: chrome=128.0.6613.138)
Stacktrace:
	GetHandleVerifier [0x00007FF644CF9412+29090]
	(No symbol) [0x00007FF644C6E239]
	(No symbol) [0x00007FF644B2B1DA]
	(No symbol) [0x00007FF644AFFAF5]
	(No symbol) [0x00007FF644BAE2C7]
	(No symbol) [0x00007FF644BC5EB1]
	(No symbol) [0x00007FF644BA6493]
	(No symbol) [0x00007FF644B709D1]
	(No symbol) [0x00007FF644B71B31]
	GetHandleVerifier [0x00007FF64501871D+3302573]
	GetHandleVerifier [0x00007FF645064243+3612627]
	GetHandleVerifier [0x00007FF64505A417+3572135]
	GetHandleVerifier [0x00007FF644DB5EB6+801862]
	(No symbol) [0x00007FF644C7945F]
	(No symbol) [0x00007FF644C74FB4]
	(No symbol) [0x00007FF644C75140]
	(No symbol) [0x00007FF644C6461F]
	BaseThreadInitThunk [0x00007FFEC2277374+20]
	RtlUserThreadStart [0x00007FFEC255CC91+33]
</status>
</kw>
<doc>This is CR testcase for Selecting Repository values in CentralRepositoryDropdown</doc>
<status status="FAIL" start="2024-09-18T13:04:35.724361" elapsed="7.453982">Setup failed:
NoSuchWindowException: Message: no such window: target window already closed
from unknown error: web view not found
  (Session info: chrome=128.0.6613.138)
Stacktrace:
	GetHandleVerifier [0x00007FF644CF9412+29090]
	(No symbol) [0x00007FF644C6E239]
	(No symbol) [0x00007FF644B2B1DA]
	(No symbol) [0x00007FF644AFFAF5]
	(No symbol) [0x00007FF644BAE2C7]
	(No symbol) [0x00007FF644BC5EB1]
	(No symbol) [0x00007FF644BA6493]
	(No symbol) [0x00007FF644B709D1]
	(No symbol) [0x00007FF644B71B31]
	GetHandleVerifier [0x00007FF64501871D+3302573]
	GetHandleVerifier [0x00007FF645064243+3612627]
	GetHandleVerifier [0x00007FF64505A417+3572135]
	GetHandleVerifier [0x00007FF644DB5EB6+801862]
	(No symbol) [0x00007FF644C7945F]
	(No symbol) [0x00007FF644C74FB4]
	(No symbol) [0x00007FF644C75140]
	(No symbol) [0x00007FF644C6461F]
	BaseThreadInitThunk [0x00007FFEC2277374+20]
	RtlUserThreadStart [0x00007FFEC255CC91+33]


Also teardown failed:
NoSuchWindowException: Message: no such window: target window already closed
from unknown error: web view not found
  (Session info: chrome=128.0.6613.138)
Stacktrace:
	GetHandleVerifier [0x00007FF644CF9412+29090]
	(No symbol) [0x00007FF644C6E239]
	(No symbol) [0x00007FF644B2B1DA]
	(No symbol) [0x00007FF644AFFAF5]
	(No symbol) [0x00007FF644BAE2C7]
	(No symbol) [0x00007FF644BC5EB1]
	(No symbol) [0x00007FF644BA6493]
	(No symbol) [0x00007FF644B709D1]
	(No symbol) [0x00007FF644B71B31]
	GetHandleVerifier [0x00007FF64501871D+3302573]
	GetHandleVerifier [0x00007FF645064243+3612627]
	GetHandleVerifier [0x00007FF64505A417+3572135]
	GetHandleVerifier [0x00007FF644DB5EB6+801862]
	(No symbol) [0x00007FF644C7945F]
	(No symbol) [0x00007FF644C74FB4]
	(No symbol) [0x00007FF644C75140]
	(No symbol) [0x00007FF644C6461F]
	BaseThreadInitThunk [0x00007FFEC2277374+20]
	RtlUserThreadStart [0x00007FFEC255CC91+33]
</status>
</test>
<status status="FAIL" start="2024-09-18T13:04:35.463904" elapsed="7.716023"/>
</suite>
<status status="FAIL" start="2024-09-18T13:04:35.452812" elapsed="7.727115"/>
</suite>
<statistics>
<total>
<stat pass="0" fail="1" skip="0">All Tests</stat>
</total>
<tag>
</tag>
<suite>
<stat pass="0" fail="1" skip="0" id="s1" name="Suites">Suites</stat>
<stat pass="0" fail="1" skip="0" id="s1-s1" name="Test Verify User ChangeRepository FromDropDown Menu Inside Flow And Qa CentralRepo">Suites.Test Verify User ChangeRepository FromDropDown Menu Inside Flow And Qa CentralRepo</stat>
</suite>
</statistics>
<errors>
<msg time="2024-09-18T13:04:41.002103" level="WARN">Keyword 'Capture Page Screenshot' could not be run on failure: Message: no such window: target window already closed
from unknown error: web view not found
  (Session info: chrome=128.0.6613.138)
Stacktrace:
	GetHandleVerifier [0x00007FF644CF9412+29090]
	(No symbol) [0x00007FF644C6E239]
	(No symbol) [0x00007FF644B2B1DA]
	(No symbol) [0x00007FF644AFFAF5]
	(No symbol) [0x00007FF644BAE2C7]
	(No symbol) [0x00007FF644BC5EB1]
	(No symbol) [0x00007FF644BA6493]
	(No symbol) [0x00007FF644B709D1]
	(No symbol) [0x00007FF644B71B31]
	GetHandleVerifier [0x00007FF64501871D+3302573]
	GetHandleVerifier [0x00007FF645064243+3612627]
	GetHandleVerifier [0x00007FF64505A417+3572135]
	GetHandleVerifier [0x00007FF644DB5EB6+801862]
	(No symbol) [0x00007FF644C7945F]
	(No symbol) [0x00007FF644C74FB4]
	(No symbol) [0x00007FF644C75140]
	(No symbol) [0x00007FF644C6461F]
	BaseThreadInitThunk [0x00007FFEC2277374+20]
	RtlUserThreadStart [0x00007FFEC255CC91+33]
</msg>
<msg time="2024-09-18T13:04:41.025432" level="WARN">Keyword 'Capture Page Screenshot' could not be run on failure: Message: no such window: target window already closed
from unknown error: web view not found
  (Session info: chrome=128.0.6613.138)
Stacktrace:
	GetHandleVerifier [0x00007FF644CF9412+29090]
	(No symbol) [0x00007FF644C6E239]
	(No symbol) [0x00007FF644B2B1DA]
	(No symbol) [0x00007FF644AFFAF5]
	(No symbol) [0x00007FF644BAE2C7]
	(No symbol) [0x00007FF644BC5EB1]
	(No symbol) [0x00007FF644BA6493]
	(No symbol) [0x00007FF644B709D1]
	(No symbol) [0x00007FF644B71B31]
	GetHandleVerifier [0x00007FF64501871D+3302573]
	GetHandleVerifier [0x00007FF645064243+3612627]
	GetHandleVerifier [0x00007FF64505A417+3572135]
	GetHandleVerifier [0x00007FF644DB5EB6+801862]
	(No symbol) [0x00007FF644C7945F]
	(No symbol) [0x00007FF644C74FB4]
	(No symbol) [0x00007FF644C75140]
	(No symbol) [0x00007FF644C6461F]
	BaseThreadInitThunk [0x00007FFEC2277374+20]
	RtlUserThreadStart [0x00007FFEC255CC91+33]
</msg>
</errors>
</robot>
