<?xml version="1.0" encoding="UTF-8"?>
<robot generator="Robot 7.0.1 (Python 3.12.3 on win32)" generated="2024-09-17T21:01:22.344008" rpa="false" schemaversion="5">
<suite id="s1" name="Itia Testcases" source="C:\Users\puchha.pavan\PycharmProjects\Telus_iTIA_Powered_by_Fuel_iX\iTIA_Powered_by_Fuel_iX\itia_testcases">
<suite id="s1-s1" name="ChatbotPage TC" source="C:\Users\puchha.pavan\PycharmProjects\Telus_iTIA_Powered_by_Fuel_iX\iTIA_Powered_by_Fuel_iX\itia_testcases\ChatbotPage_TC">
<suite id="s1-s1-s1" name="Test Verify Chatbot Add New Folder Functionality" source="C:\Users\puchha.pavan\PycharmProjects\Telus_iTIA_Powered_by_Fuel_iX\iTIA_Powered_by_Fuel_iX\itia_testcases\ChatbotPage_TC\Test_Verify_Chatbot_Add_New_Folder_Functionality.robot">
<test id="s1-s1-s1-t1" name="Verify_chatboatpage" line="9">
<kw name="Launching_The_Browser" owner="BaseClass_Keyword" type="SETUP">
<kw name="Open Browser" owner="SeleniumLibrary">
<msg time="2024-09-17T21:01:22.932432" level="INFO">Opening browser 'chrome' to base url 'https://mqa2.xavlab.xyz/'.</msg>
<arg>${site-url}</arg>
<arg>${browser}</arg>
<doc>Opens a new browser instance to the optional ``url``.</doc>
<status status="PASS" start="2024-09-17T21:01:22.932432" elapsed="3.937326"/>
</kw>
<kw name="Maximize Browser Window" owner="SeleniumLibrary">
<msg time="2024-09-17T21:01:26.875994" level="WARN">Keyword 'Capture Page Screenshot' could not be run on failure: Message: no such window: target window already closed
from unknown error: web view not found
  (Session info: chrome=128.0.6613.138)
Stacktrace:
	GetHandleVerifier [0x00007FF615929412+29090]
	(No symbol) [0x00007FF61589E239]
	(No symbol) [0x00007FF61575B1DA]
	(No symbol) [0x00007FF61572FAF5]
	(No symbol) [0x00007FF6157DE2C7]
	(No symbol) [0x00007FF6157F5EB1]
	(No symbol) [0x00007FF6157D6493]
	(No symbol) [0x00007FF6157A09D1]
	(No symbol) [0x00007FF6157A1B31]
	GetHandleVerifier [0x00007FF615C4871D+3302573]
	GetHandleVerifier [0x00007FF615C94243+3612627]
	GetHandleVerifier [0x00007FF615C8A417+3572135]
	GetHandleVerifier [0x00007FF6159E5EB6+801862]
	(No symbol) [0x00007FF6158A945F]
	(No symbol) [0x00007FF6158A4FB4]
	(No symbol) [0x00007FF6158A5140]
	(No symbol) [0x00007FF61589461F]
	BaseThreadInitThunk [0x00007FF869977374+20]
	RtlUserThreadStart [0x00007FF869C5CC91+33]
</msg>
<msg time="2024-09-17T21:01:26.877495" level="FAIL">NoSuchWindowException: Message: no such window: target window already closed
from unknown error: web view not found
  (Session info: chrome=128.0.6613.138)
Stacktrace:
	GetHandleVerifier [0x00007FF615929412+29090]
	(No symbol) [0x00007FF61589E239]
	(No symbol) [0x00007FF61575B1DA]
	(No symbol) [0x00007FF61572FAF5]
	(No symbol) [0x00007FF6157DE2C7]
	(No symbol) [0x00007FF6157F5EB1]
	(No symbol) [0x00007FF6157D6493]
	(No symbol) [0x00007FF6157A09D1]
	(No symbol) [0x00007FF6157A1B31]
	GetHandleVerifier [0x00007FF615C4871D+3302573]
	GetHandleVerifier [0x00007FF615C94243+3612627]
	GetHandleVerifier [0x00007FF615C8A417+3572135]
	GetHandleVerifier [0x00007FF6159E5EB6+801862]
	(No symbol) [0x00007FF6158A945F]
	(No symbol) [0x00007FF6158A4FB4]
	(No symbol) [0x00007FF6158A5140]
	(No symbol) [0x00007FF61589461F]
	BaseThreadInitThunk [0x00007FF869977374+20]
	RtlUserThreadStart [0x00007FF869C5CC91+33]
</msg>
<doc>Maximizes current browser window.</doc>
<status status="FAIL" start="2024-09-17T21:01:26.870474" elapsed="0.015305">NoSuchWindowException: Message: no such window: target window already closed
from unknown error: web view not found
  (Session info: chrome=128.0.6613.138)
Stacktrace:
	GetHandleVerifier [0x00007FF615929412+29090]
	(No symbol) [0x00007FF61589E239]
	(No symbol) [0x00007FF61575B1DA]
	(No symbol) [0x00007FF61572FAF5]
	(No symbol) [0x00007FF6157DE2C7]
	(No symbol) [0x00007FF6157F5EB1]
	(No symbol) [0x00007FF6157D6493]
	(No symbol) [0x00007FF6157A09D1]
	(No symbol) [0x00007FF6157A1B31]
	GetHandleVerifier [0x00007FF615C4871D+3302573]
	GetHandleVerifier [0x00007FF615C94243+3612627]
	GetHandleVerifier [0x00007FF615C8A417+3572135]
	GetHandleVerifier [0x00007FF6159E5EB6+801862]
	(No symbol) [0x00007FF6158A945F]
	(No symbol) [0x00007FF6158A4FB4]
	(No symbol) [0x00007FF6158A5140]
	(No symbol) [0x00007FF61589461F]
	BaseThreadInitThunk [0x00007FF869977374+20]
	RtlUserThreadStart [0x00007FF869C5CC91+33]
</status>
</kw>
<kw name="Set Selenium Implicit Wait" owner="SeleniumLibrary">
<arg>10Seconds</arg>
<doc>Sets the implicit wait value used by Selenium.</doc>
<status status="NOT RUN" start="2024-09-17T21:01:26.886279" elapsed="0.000499"/>
</kw>
<kw name="clear_all_ookies" owner="Common_Functions">
<doc>Clear all cookies</doc>
<status status="NOT RUN" start="2024-09-17T21:01:26.887279" elapsed="0.000500"/>
</kw>
<kw name="Set Selenium Speed" owner="SeleniumLibrary">
<arg>0.2</arg>
<doc>Sets the delay that is waited after each Selenium command.</doc>
<status status="NOT RUN" start="2024-09-17T21:01:26.887779" elapsed="0.000571"/>
</kw>
<doc>This keyword for launching the browser</doc>
<status status="FAIL" start="2024-09-17T21:01:22.928850" elapsed="3.959998">NoSuchWindowException: Message: no such window: target window already closed
from unknown error: web view not found
  (Session info: chrome=128.0.6613.138)
Stacktrace:
	GetHandleVerifier [0x00007FF615929412+29090]
	(No symbol) [0x00007FF61589E239]
	(No symbol) [0x00007FF61575B1DA]
	(No symbol) [0x00007FF61572FAF5]
	(No symbol) [0x00007FF6157DE2C7]
	(No symbol) [0x00007FF6157F5EB1]
	(No symbol) [0x00007FF6157D6493]
	(No symbol) [0x00007FF6157A09D1]
	(No symbol) [0x00007FF6157A1B31]
	GetHandleVerifier [0x00007FF615C4871D+3302573]
	GetHandleVerifier [0x00007FF615C94243+3612627]
	GetHandleVerifier [0x00007FF615C8A417+3572135]
	GetHandleVerifier [0x00007FF6159E5EB6+801862]
	(No symbol) [0x00007FF6158A945F]
	(No symbol) [0x00007FF6158A4FB4]
	(No symbol) [0x00007FF6158A5140]
	(No symbol) [0x00007FF61589461F]
	BaseThreadInitThunk [0x00007FF869977374+20]
	RtlUserThreadStart [0x00007FF869C5CC91+33]
</status>
</kw>
<kw name="Closing_The_Browser" owner="BaseClass_Keyword" type="TEARDOWN">
<kw name="Run Keyword If Test Failed" owner="BuiltIn">
<kw name="Capture Page Screenshot" owner="SeleniumLibrary">
<msg time="2024-09-17T21:01:26.918146" level="WARN">Keyword 'Capture Page Screenshot' could not be run on failure: Message: no such window: target window already closed
from unknown error: web view not found
  (Session info: chrome=128.0.6613.138)
Stacktrace:
	GetHandleVerifier [0x00007FF615929412+29090]
	(No symbol) [0x00007FF61589E239]
	(No symbol) [0x00007FF61575B1DA]
	(No symbol) [0x00007FF61572FAF5]
	(No symbol) [0x00007FF6157DE2C7]
	(No symbol) [0x00007FF6157F5EB1]
	(No symbol) [0x00007FF6157D6493]
	(No symbol) [0x00007FF6157A09D1]
	(No symbol) [0x00007FF6157A1B31]
	GetHandleVerifier [0x00007FF615C4871D+3302573]
	GetHandleVerifier [0x00007FF615C94243+3612627]
	GetHandleVerifier [0x00007FF615C8A417+3572135]
	GetHandleVerifier [0x00007FF6159E5EB6+801862]
	(No symbol) [0x00007FF6158A945F]
	(No symbol) [0x00007FF6158A4FB4]
	(No symbol) [0x00007FF6158A5140]
	(No symbol) [0x00007FF61589461F]
	BaseThreadInitThunk [0x00007FF869977374+20]
	RtlUserThreadStart [0x00007FF869C5CC91+33]
</msg>
<msg time="2024-09-17T21:01:26.919146" level="FAIL">NoSuchWindowException: Message: no such window: target window already closed
from unknown error: web view not found
  (Session info: chrome=128.0.6613.138)
Stacktrace:
	GetHandleVerifier [0x00007FF615929412+29090]
	(No symbol) [0x00007FF61589E239]
	(No symbol) [0x00007FF61575B1DA]
	(No symbol) [0x00007FF61572FAF5]
	(No symbol) [0x00007FF6157DE2C7]
	(No symbol) [0x00007FF6157F5EB1]
	(No symbol) [0x00007FF6157D6493]
	(No symbol) [0x00007FF6157A09D1]
	(No symbol) [0x00007FF6157A1B31]
	GetHandleVerifier [0x00007FF615C4871D+3302573]
	GetHandleVerifier [0x00007FF615C94243+3612627]
	GetHandleVerifier [0x00007FF615C8A417+3572135]
	GetHandleVerifier [0x00007FF6159E5EB6+801862]
	(No symbol) [0x00007FF6158A945F]
	(No symbol) [0x00007FF6158A4FB4]
	(No symbol) [0x00007FF6158A5140]
	(No symbol) [0x00007FF61589461F]
	BaseThreadInitThunk [0x00007FF869977374+20]
	RtlUserThreadStart [0x00007FF869C5CC91+33]
</msg>
<arg>Faild_screenshot.png</arg>
<doc>Takes a screenshot of the current page and embeds it into a log file.</doc>
<status status="FAIL" start="2024-09-17T21:01:26.890832" elapsed="0.031021">NoSuchWindowException: Message: no such window: target window already closed
from unknown error: web view not found
  (Session info: chrome=128.0.6613.138)
Stacktrace:
	GetHandleVerifier [0x00007FF615929412+29090]
	(No symbol) [0x00007FF61589E239]
	(No symbol) [0x00007FF61575B1DA]
	(No symbol) [0x00007FF61572FAF5]
	(No symbol) [0x00007FF6157DE2C7]
	(No symbol) [0x00007FF6157F5EB1]
	(No symbol) [0x00007FF6157D6493]
	(No symbol) [0x00007FF6157A09D1]
	(No symbol) [0x00007FF6157A1B31]
	GetHandleVerifier [0x00007FF615C4871D+3302573]
	GetHandleVerifier [0x00007FF615C94243+3612627]
	GetHandleVerifier [0x00007FF615C8A417+3572135]
	GetHandleVerifier [0x00007FF6159E5EB6+801862]
	(No symbol) [0x00007FF6158A945F]
	(No symbol) [0x00007FF6158A4FB4]
	(No symbol) [0x00007FF6158A5140]
	(No symbol) [0x00007FF61589461F]
	BaseThreadInitThunk [0x00007FF869977374+20]
	RtlUserThreadStart [0x00007FF869C5CC91+33]
</status>
</kw>
<arg>Capture Page Screenshot</arg>
<arg>Faild_screenshot.png</arg>
<doc>Runs the given keyword with the given arguments, if the test failed.</doc>
<status status="FAIL" start="2024-09-17T21:01:26.890044" elapsed="0.031809">NoSuchWindowException: Message: no such window: target window already closed
from unknown error: web view not found
  (Session info: chrome=128.0.6613.138)
Stacktrace:
	GetHandleVerifier [0x00007FF615929412+29090]
	(No symbol) [0x00007FF61589E239]
	(No symbol) [0x00007FF61575B1DA]
	(No symbol) [0x00007FF61572FAF5]
	(No symbol) [0x00007FF6157DE2C7]
	(No symbol) [0x00007FF6157F5EB1]
	(No symbol) [0x00007FF6157D6493]
	(No symbol) [0x00007FF6157A09D1]
	(No symbol) [0x00007FF6157A1B31]
	GetHandleVerifier [0x00007FF615C4871D+3302573]
	GetHandleVerifier [0x00007FF615C94243+3612627]
	GetHandleVerifier [0x00007FF615C8A417+3572135]
	GetHandleVerifier [0x00007FF6159E5EB6+801862]
	(No symbol) [0x00007FF6158A945F]
	(No symbol) [0x00007FF6158A4FB4]
	(No symbol) [0x00007FF6158A5140]
	(No symbol) [0x00007FF61589461F]
	BaseThreadInitThunk [0x00007FF869977374+20]
	RtlUserThreadStart [0x00007FF869C5CC91+33]
</status>
</kw>
<kw name="Close Browser" owner="SeleniumLibrary">
<doc>Closes the current browser.</doc>
<status status="PASS" start="2024-09-17T21:01:26.922352" elapsed="2.256705"/>
</kw>
<doc>This keyword for closing the current browser</doc>
<status status="FAIL" start="2024-09-17T21:01:26.889466" elapsed="2.290424">NoSuchWindowException: Message: no such window: target window already closed
from unknown error: web view not found
  (Session info: chrome=128.0.6613.138)
Stacktrace:
	GetHandleVerifier [0x00007FF615929412+29090]
	(No symbol) [0x00007FF61589E239]
	(No symbol) [0x00007FF61575B1DA]
	(No symbol) [0x00007FF61572FAF5]
	(No symbol) [0x00007FF6157DE2C7]
	(No symbol) [0x00007FF6157F5EB1]
	(No symbol) [0x00007FF6157D6493]
	(No symbol) [0x00007FF6157A09D1]
	(No symbol) [0x00007FF6157A1B31]
	GetHandleVerifier [0x00007FF615C4871D+3302573]
	GetHandleVerifier [0x00007FF615C94243+3612627]
	GetHandleVerifier [0x00007FF615C8A417+3572135]
	GetHandleVerifier [0x00007FF6159E5EB6+801862]
	(No symbol) [0x00007FF6158A945F]
	(No symbol) [0x00007FF6158A4FB4]
	(No symbol) [0x00007FF6158A5140]
	(No symbol) [0x00007FF61589461F]
	BaseThreadInitThunk [0x00007FF869977374+20]
	RtlUserThreadStart [0x00007FF869C5CC91+33]
</status>
</kw>
<doc>This is Chatboat test for Creating New folder template in chatboat</doc>
<tag>priority4</tag>
<status status="FAIL" start="2024-09-17T21:01:22.885619" elapsed="6.294597">Setup failed:
NoSuchWindowException: Message: no such window: target window already closed
from unknown error: web view not found
  (Session info: chrome=128.0.6613.138)
Stacktrace:
	GetHandleVerifier [0x00007FF615929412+29090]
	(No symbol) [0x00007FF61589E239]
	(No symbol) [0x00007FF61575B1DA]
	(No symbol) [0x00007FF61572FAF5]
	(No symbol) [0x00007FF6157DE2C7]
	(No symbol) [0x00007FF6157F5EB1]
	(No symbol) [0x00007FF6157D6493]
	(No symbol) [0x00007FF6157A09D1]
	(No symbol) [0x00007FF6157A1B31]
	GetHandleVerifier [0x00007FF615C4871D+3302573]
	GetHandleVerifier [0x00007FF615C94243+3612627]
	GetHandleVerifier [0x00007FF615C8A417+3572135]
	GetHandleVerifier [0x00007FF6159E5EB6+801862]
	(No symbol) [0x00007FF6158A945F]
	(No symbol) [0x00007FF6158A4FB4]
	(No symbol) [0x00007FF6158A5140]
	(No symbol) [0x00007FF61589461F]
	BaseThreadInitThunk [0x00007FF869977374+20]
	RtlUserThreadStart [0x00007FF869C5CC91+33]


Also teardown failed:
NoSuchWindowException: Message: no such window: target window already closed
from unknown error: web view not found
  (Session info: chrome=128.0.6613.138)
Stacktrace:
	GetHandleVerifier [0x00007FF615929412+29090]
	(No symbol) [0x00007FF61589E239]
	(No symbol) [0x00007FF61575B1DA]
	(No symbol) [0x00007FF61572FAF5]
	(No symbol) [0x00007FF6157DE2C7]
	(No symbol) [0x00007FF6157F5EB1]
	(No symbol) [0x00007FF6157D6493]
	(No symbol) [0x00007FF6157A09D1]
	(No symbol) [0x00007FF6157A1B31]
	GetHandleVerifier [0x00007FF615C4871D+3302573]
	GetHandleVerifier [0x00007FF615C94243+3612627]
	GetHandleVerifier [0x00007FF615C8A417+3572135]
	GetHandleVerifier [0x00007FF6159E5EB6+801862]
	(No symbol) [0x00007FF6158A945F]
	(No symbol) [0x00007FF6158A4FB4]
	(No symbol) [0x00007FF6158A5140]
	(No symbol) [0x00007FF61589461F]
	BaseThreadInitThunk [0x00007FF869977374+20]
	RtlUserThreadStart [0x00007FF869C5CC91+33]
</status>
</test>
<status status="FAIL" start="2024-09-17T21:01:22.385233" elapsed="6.794983"/>
</suite>
<status status="FAIL" start="2024-09-17T21:01:22.382155" elapsed="6.798061"/>
</suite>
<status status="FAIL" start="2024-09-17T21:01:22.364976" elapsed="6.822484"/>
</suite>
<statistics>
<total>
<stat pass="0" fail="1" skip="0">All Tests</stat>
</total>
<tag>
<stat pass="0" fail="1" skip="0">priority4</stat>
</tag>
<suite>
<stat pass="0" fail="1" skip="0" id="s1" name="Itia Testcases">Itia Testcases</stat>
<stat pass="0" fail="1" skip="0" id="s1-s1" name="ChatbotPage TC">Itia Testcases.ChatbotPage TC</stat>
<stat pass="0" fail="1" skip="0" id="s1-s1-s1" name="Test Verify Chatbot Add New Folder Functionality">Itia Testcases.ChatbotPage TC.Test Verify Chatbot Add New Folder Functionality</stat>
</suite>
</statistics>
<errors>
<msg time="2024-09-17T21:01:26.875994" level="WARN">Keyword 'Capture Page Screenshot' could not be run on failure: Message: no such window: target window already closed
from unknown error: web view not found
  (Session info: chrome=128.0.6613.138)
Stacktrace:
	GetHandleVerifier [0x00007FF615929412+29090]
	(No symbol) [0x00007FF61589E239]
	(No symbol) [0x00007FF61575B1DA]
	(No symbol) [0x00007FF61572FAF5]
	(No symbol) [0x00007FF6157DE2C7]
	(No symbol) [0x00007FF6157F5EB1]
	(No symbol) [0x00007FF6157D6493]
	(No symbol) [0x00007FF6157A09D1]
	(No symbol) [0x00007FF6157A1B31]
	GetHandleVerifier [0x00007FF615C4871D+3302573]
	GetHandleVerifier [0x00007FF615C94243+3612627]
	GetHandleVerifier [0x00007FF615C8A417+3572135]
	GetHandleVerifier [0x00007FF6159E5EB6+801862]
	(No symbol) [0x00007FF6158A945F]
	(No symbol) [0x00007FF6158A4FB4]
	(No symbol) [0x00007FF6158A5140]
	(No symbol) [0x00007FF61589461F]
	BaseThreadInitThunk [0x00007FF869977374+20]
	RtlUserThreadStart [0x00007FF869C5CC91+33]
</msg>
<msg time="2024-09-17T21:01:26.918146" level="WARN">Keyword 'Capture Page Screenshot' could not be run on failure: Message: no such window: target window already closed
from unknown error: web view not found
  (Session info: chrome=128.0.6613.138)
Stacktrace:
	GetHandleVerifier [0x00007FF615929412+29090]
	(No symbol) [0x00007FF61589E239]
	(No symbol) [0x00007FF61575B1DA]
	(No symbol) [0x00007FF61572FAF5]
	(No symbol) [0x00007FF6157DE2C7]
	(No symbol) [0x00007FF6157F5EB1]
	(No symbol) [0x00007FF6157D6493]
	(No symbol) [0x00007FF6157A09D1]
	(No symbol) [0x00007FF6157A1B31]
	GetHandleVerifier [0x00007FF615C4871D+3302573]
	GetHandleVerifier [0x00007FF615C94243+3612627]
	GetHandleVerifier [0x00007FF615C8A417+3572135]
	GetHandleVerifier [0x00007FF6159E5EB6+801862]
	(No symbol) [0x00007FF6158A945F]
	(No symbol) [0x00007FF6158A4FB4]
	(No symbol) [0x00007FF6158A5140]
	(No symbol) [0x00007FF61589461F]
	BaseThreadInitThunk [0x00007FF869977374+20]
	RtlUserThreadStart [0x00007FF869C5CC91+33]
</msg>
</errors>
</robot>
